{"/usr/local/google/home/extaeger/git/kpt/site/static/js/plugins.js": {"path":"/usr/local/google/home/extaeger/git/kpt/site/static/js/plugins.js","statementMap":{"0":{"start":{"line":2,"column":17},"end":{"line":2,"column":53}},"1":{"start":{"line":5,"column":20},"end":{"line":5,"column":50}},"2":{"start":{"line":6,"column":2},"end":{"line":6,"column":37}},"3":{"start":{"line":7,"column":2},"end":{"line":7,"column":53}},"4":{"start":{"line":8,"column":22},"end":{"line":8,"column":49}},"5":{"start":{"line":9,"column":2},"end":{"line":9,"column":32}},"6":{"start":{"line":10,"column":2},"end":{"line":10,"column":51}},"7":{"start":{"line":11,"column":2},"end":{"line":11,"column":37}},"8":{"start":{"line":13,"column":19},"end":{"line":13,"column":49}},"9":{"start":{"line":14,"column":2},"end":{"line":14,"column":30}},"10":{"start":{"line":15,"column":2},"end":{"line":15,"column":52}},"11":{"start":{"line":16,"column":19},"end":{"line":16,"column":46}},"12":{"start":{"line":17,"column":2},"end":{"line":17,"column":29}},"13":{"start":{"line":18,"column":2},"end":{"line":18,"column":36}},"14":{"start":{"line":19,"column":2},"end":{"line":19,"column":33}},"15":{"start":{"line":22,"column":2},"end":{"line":35,"column":5}},"16":{"start":{"line":23,"column":4},"end":{"line":23,"column":131}},"17":{"start":{"line":25,"column":15},"end":{"line":25,"column":41}},"18":{"start":{"line":26,"column":21},"end":{"line":26,"column":65}},"19":{"start":{"line":27,"column":4},"end":{"line":27,"column":50}},"20":{"start":{"line":28,"column":4},"end":{"line":28,"column":88}},"21":{"start":{"line":30,"column":22},"end":{"line":30,"column":51}},"22":{"start":{"line":31,"column":4},"end":{"line":31,"column":45}},"23":{"start":{"line":32,"column":4},"end":{"line":32,"column":39}},"24":{"start":{"line":33,"column":4},"end":{"line":33,"column":36}},"25":{"start":{"line":34,"column":4},"end":{"line":34,"column":59}},"26":{"start":{"line":39,"column":29},"end":{"line":39,"column":63}},"27":{"start":{"line":40,"column":28},"end":{"line":40,"column":37}},"28":{"start":{"line":42,"column":2},"end":{"line":42,"column":45}},"29":{"start":{"line":43,"column":2},"end":{"line":43,"column":80}},"30":{"start":{"line":47,"column":18},"end":{"line":47,"column":68}},"31":{"start":{"line":48,"column":24},"end":{"line":48,"column":38}},"32":{"start":{"line":49,"column":26},"end":{"line":58,"column":17}},"33":{"start":{"line":59,"column":15},"end":{"line":59,"column":44}},"34":{"start":{"line":60,"column":2},"end":{"line":60,"column":35}},"35":{"start":{"line":61,"column":2},"end":{"line":61,"column":71}},"36":{"start":{"line":65,"column":28},"end":{"line":67,"column":3}},"37":{"start":{"line":68,"column":21},"end":{"line":70,"column":24}},"38":{"start":{"line":71,"column":2},"end":{"line":73,"column":4}},"39":{"start":{"line":72,"column":13},"end":{"line":72,"column":60}},"40":{"start":{"line":76,"column":36},"end":{"line":78,"column":3}},"41":{"start":{"line":80,"column":4},"end":{"line":80,"column":69}},"42":{"start":{"line":81,"column":2},"end":{"line":83,"column":4}},"43":{"start":{"line":82,"column":13},"end":{"line":82,"column":61}},"44":{"start":{"line":86,"column":32},"end":{"line":88,"column":3}},"45":{"start":{"line":89,"column":2},"end":{"line":94,"column":5}},"46":{"start":{"line":90,"column":4},"end":{"line":90,"column":44}},"47":{"start":{"line":91,"column":4},"end":{"line":93,"column":15}},"48":{"start":{"line":98,"column":19},"end":{"line":98,"column":57}},"49":{"start":{"line":100,"column":24},"end":{"line":100,"column":48}},"50":{"start":{"line":102,"column":2},"end":{"line":114,"column":3}},"51":{"start":{"line":103,"column":23},"end":{"line":103,"column":49}},"52":{"start":{"line":106,"column":23},"end":{"line":108,"column":6}},"53":{"start":{"line":109,"column":22},"end":{"line":109,"column":74}},"54":{"start":{"line":111,"column":4},"end":{"line":113,"column":14}},"55":{"start":{"line":116,"column":2},"end":{"line":116,"column":17}},"56":{"start":{"line":120,"column":19},"end":{"line":120,"column":66}},"57":{"start":{"line":123,"column":2},"end":{"line":128,"column":4}},"58":{"start":{"line":124,"column":4},"end":{"line":127,"column":36}},"59":{"start":{"line":136,"column":21},"end":{"line":136,"column":53}},"60":{"start":{"line":137,"column":21},"end":{"line":137,"column":59}},"61":{"start":{"line":139,"column":23},"end":{"line":139,"column":61}},"62":{"start":{"line":141,"column":2},"end":{"line":141,"column":51}},"63":{"start":{"line":146,"column":29},"end":{"line":146,"column":64}},"64":{"start":{"line":148,"column":2},"end":{"line":152,"column":4}},"65":{"start":{"line":151,"column":6},"end":{"line":151,"column":118}},"66":{"start":{"line":156,"column":20},"end":{"line":162,"column":3}},"67":{"start":{"line":158,"column":6},"end":{"line":161,"column":56}},"68":{"start":{"line":161,"column":24},"end":{"line":161,"column":55}},"69":{"start":{"line":164,"column":21},"end":{"line":191,"column":3}},"70":{"start":{"line":165,"column":23},"end":{"line":165,"column":55}},"71":{"start":{"line":166,"column":28},"end":{"line":166,"column":41}},"72":{"start":{"line":167,"column":4},"end":{"line":167,"column":46}},"73":{"start":{"line":168,"column":4},"end":{"line":168,"column":43}},"74":{"start":{"line":170,"column":21},"end":{"line":170,"column":51}},"75":{"start":{"line":171,"column":4},"end":{"line":171,"column":32}},"76":{"start":{"line":172,"column":4},"end":{"line":172,"column":54}},"77":{"start":{"line":173,"column":4},"end":{"line":173,"column":37}},"78":{"start":{"line":175,"column":4},"end":{"line":189,"column":6}},"79":{"start":{"line":176,"column":6},"end":{"line":188,"column":8}},"80":{"start":{"line":179,"column":24},"end":{"line":179,"column":62}},"81":{"start":{"line":181,"column":22},"end":{"line":181,"column":30}},"82":{"start":{"line":184,"column":14},"end":{"line":184,"column":73}},"83":{"start":{"line":186,"column":22},"end":{"line":186,"column":45}},"84":{"start":{"line":190,"column":4},"end":{"line":190,"column":22}},"85":{"start":{"line":192,"column":2},"end":{"line":192,"column":60}},"86":{"start":{"line":192,"column":29},"end":{"line":192,"column":58}},"87":{"start":{"line":197,"column":28},"end":{"line":203,"column":3}},"88":{"start":{"line":201,"column":6},"end":{"line":202,"column":56}},"89":{"start":{"line":204,"column":2},"end":{"line":206,"column":4}},"90":{"start":{"line":205,"column":12},"end":{"line":205,"column":57}},"91":{"start":{"line":211,"column":2},"end":{"line":218,"column":5}},"92":{"start":{"line":212,"column":4},"end":{"line":212,"column":44}},"93":{"start":{"line":216,"column":4},"end":{"line":216,"column":39}},"94":{"start":{"line":217,"column":4},"end":{"line":217,"column":19}},"95":{"start":{"line":221,"column":2},"end":{"line":221,"column":40}},"96":{"start":{"line":223,"column":2},"end":{"line":223,"column":35}},"97":{"start":{"line":226,"column":2},"end":{"line":226,"column":37}},"98":{"start":{"line":229,"column":2},"end":{"line":229,"column":36}},"99":{"start":{"line":231,"column":2},"end":{"line":231,"column":36}},"100":{"start":{"line":233,"column":2},"end":{"line":233,"column":24}},"101":{"start":{"line":236,"column":2},"end":{"line":241,"column":5}},"102":{"start":{"line":237,"column":20},"end":{"line":237,"column":74}},"103":{"start":{"line":240,"column":4},"end":{"line":240,"column":38}},"104":{"start":{"line":245,"column":0},"end":{"line":245,"column":40}},"105":{"start":{"line":246,"column":0},"end":{"line":246,"column":79}},"106":{"start":{"line":249,"column":0},"end":{"line":251,"column":1}},"107":{"start":{"line":250,"column":2},"end":{"line":250,"column":42}}},"fnMap":{"0":{"name":"addGitHubWidget","decl":{"start":{"line":4,"column":9},"end":{"line":4,"column":24}},"loc":{"start":{"line":4,"column":31},"end":{"line":36,"column":1}},"line":4},"1":{"name":"(anonymous_1)","decl":{"start":{"line":22,"column":16},"end":{"line":22,"column":17}},"loc":{"start":{"line":22,"column":28},"end":{"line":35,"column":3}},"line":22},"2":{"name":"convertFromHugo","decl":{"start":{"line":38,"column":9},"end":{"line":38,"column":24}},"loc":{"start":{"line":38,"column":34},"end":{"line":44,"column":1}},"line":38},"3":{"name":"addVersionDropdown","decl":{"start":{"line":46,"column":15},"end":{"line":46,"column":33}},"loc":{"start":{"line":46,"column":36},"end":{"line":62,"column":1}},"line":46},"4":{"name":"showBookPageFooters","decl":{"start":{"line":64,"column":9},"end":{"line":64,"column":28}},"loc":{"start":{"line":64,"column":31},"end":{"line":95,"column":1}},"line":64},"5":{"name":"(anonymous_5)","decl":{"start":{"line":72,"column":4},"end":{"line":72,"column":5}},"loc":{"start":{"line":72,"column":13},"end":{"line":72,"column":60}},"line":72},"6":{"name":"(anonymous_6)","decl":{"start":{"line":82,"column":4},"end":{"line":82,"column":5}},"loc":{"start":{"line":82,"column":13},"end":{"line":82,"column":61}},"line":82},"7":{"name":"(anonymous_7)","decl":{"start":{"line":89,"column":32},"end":{"line":89,"column":33}},"loc":{"start":{"line":89,"column":40},"end":{"line":94,"column":3}},"line":89},"8":{"name":"processBookPageTitle","decl":{"start":{"line":97,"column":9},"end":{"line":97,"column":29}},"loc":{"start":{"line":97,"column":39},"end":{"line":117,"column":1}},"line":97},"9":{"name":"addSidebarCollapsibility","decl":{"start":{"line":119,"column":9},"end":{"line":119,"column":33}},"loc":{"start":{"line":119,"column":43},"end":{"line":129,"column":1}},"line":119},"10":{"name":"(anonymous_10)","decl":{"start":{"line":123,"column":19},"end":{"line":123,"column":20}},"loc":{"start":{"line":124,"column":4},"end":{"line":127,"column":36}},"line":124},"11":{"name":"processHugoTitleHeading","decl":{"start":{"line":135,"column":9},"end":{"line":135,"column":32}},"loc":{"start":{"line":135,"column":42},"end":{"line":142,"column":1}},"line":135},"12":{"name":"processAsciinemaTags","decl":{"start":{"line":145,"column":9},"end":{"line":145,"column":29}},"loc":{"start":{"line":145,"column":39},"end":{"line":153,"column":1}},"line":145},"13":{"name":"(anonymous_13)","decl":{"start":{"line":150,"column":4},"end":{"line":150,"column":5}},"loc":{"start":{"line":151,"column":6},"end":{"line":151,"column":118}},"line":151},"14":{"name":"addCodeCopyButtons","decl":{"start":{"line":155,"column":9},"end":{"line":155,"column":27}},"loc":{"start":{"line":155,"column":30},"end":{"line":193,"column":1}},"line":155},"15":{"name":"(anonymous_15)","decl":{"start":{"line":157,"column":4},"end":{"line":157,"column":5}},"loc":{"start":{"line":158,"column":6},"end":{"line":161,"column":56}},"line":158},"16":{"name":"(anonymous_16)","decl":{"start":{"line":161,"column":14},"end":{"line":161,"column":15}},"loc":{"start":{"line":161,"column":24},"end":{"line":161,"column":55}},"line":161},"17":{"name":"(anonymous_17)","decl":{"start":{"line":164,"column":21},"end":{"line":164,"column":22}},"loc":{"start":{"line":164,"column":27},"end":{"line":191,"column":3}},"line":164},"18":{"name":"(anonymous_18)","decl":{"start":{"line":175,"column":41},"end":{"line":175,"column":42}},"loc":{"start":{"line":176,"column":6},"end":{"line":188,"column":8}},"line":176},"19":{"name":"(anonymous_19)","decl":{"start":{"line":179,"column":16},"end":{"line":179,"column":17}},"loc":{"start":{"line":179,"column":24},"end":{"line":179,"column":62}},"line":179},"20":{"name":"(anonymous_20)","decl":{"start":{"line":181,"column":15},"end":{"line":181,"column":16}},"loc":{"start":{"line":181,"column":22},"end":{"line":181,"column":30}},"line":181},"21":{"name":"(anonymous_21)","decl":{"start":{"line":183,"column":12},"end":{"line":183,"column":13}},"loc":{"start":{"line":184,"column":14},"end":{"line":184,"column":73}},"line":184},"22":{"name":"(anonymous_22)","decl":{"start":{"line":186,"column":15},"end":{"line":186,"column":16}},"loc":{"start":{"line":186,"column":22},"end":{"line":186,"column":45}},"line":186},"23":{"name":"(anonymous_23)","decl":{"start":{"line":192,"column":20},"end":{"line":192,"column":21}},"loc":{"start":{"line":192,"column":29},"end":{"line":192,"column":58}},"line":192},"24":{"name":"defaultLinkTargets","decl":{"start":{"line":196,"column":9},"end":{"line":196,"column":27}},"loc":{"start":{"line":196,"column":30},"end":{"line":207,"column":1}},"line":196},"25":{"name":"(anonymous_25)","decl":{"start":{"line":200,"column":4},"end":{"line":200,"column":5}},"loc":{"start":{"line":201,"column":6},"end":{"line":202,"column":56}},"line":201},"26":{"name":"(anonymous_26)","decl":{"start":{"line":205,"column":4},"end":{"line":205,"column":5}},"loc":{"start":{"line":205,"column":12},"end":{"line":205,"column":57}},"line":205},"27":{"name":"localPlugins","decl":{"start":{"line":209,"column":9},"end":{"line":209,"column":21}},"loc":{"start":{"line":209,"column":33},"end":{"line":242,"column":1}},"line":209},"28":{"name":"(anonymous_28)","decl":{"start":{"line":211,"column":18},"end":{"line":211,"column":19}},"loc":{"start":{"line":211,"column":37},"end":{"line":218,"column":3}},"line":211},"29":{"name":"(anonymous_29)","decl":{"start":{"line":236,"column":16},"end":{"line":236,"column":17}},"loc":{"start":{"line":236,"column":28},"end":{"line":241,"column":3}},"line":236}},"branchMap":{"0":{"loc":{"start":{"line":26,"column":21},"end":{"line":26,"column":65}},"type":"cond-expr","locations":[{"start":{"line":26,"column":44},"end":{"line":26,"column":51}},{"start":{"line":26,"column":54},"end":{"line":26,"column":65}}],"line":26},"1":{"loc":{"start":{"line":27,"column":12},"end":{"line":27,"column":49}},"type":"cond-expr","locations":[{"start":{"line":27,"column":33},"end":{"line":27,"column":41}},{"start":{"line":27,"column":44},"end":{"line":27,"column":49}}],"line":27},"2":{"loc":{"start":{"line":72,"column":32},"end":{"line":72,"column":60}},"type":"cond-expr","locations":[{"start":{"line":72,"column":45},"end":{"line":72,"column":51}},{"start":{"line":72,"column":54},"end":{"line":72,"column":60}}],"line":72},"3":{"loc":{"start":{"line":80,"column":4},"end":{"line":80,"column":69}},"type":"binary-expr","locations":[{"start":{"line":80,"column":4},"end":{"line":80,"column":14}},{"start":{"line":80,"column":18},"end":{"line":80,"column":69}}],"line":80},"4":{"loc":{"start":{"line":82,"column":32},"end":{"line":82,"column":61}},"type":"cond-expr","locations":[{"start":{"line":82,"column":46},"end":{"line":82,"column":52}},{"start":{"line":82,"column":55},"end":{"line":82,"column":61}}],"line":82},"5":{"loc":{"start":{"line":91,"column":23},"end":{"line":93,"column":14}},"type":"cond-expr","locations":[{"start":{"line":92,"column":8},"end":{"line":92,"column":14}},{"start":{"line":93,"column":8},"end":{"line":93,"column":14}}],"line":91},"6":{"loc":{"start":{"line":102,"column":2},"end":{"line":114,"column":3}},"type":"if","locations":[{"start":{"line":102,"column":2},"end":{"line":114,"column":3}},{"start":{"line":102,"column":2},"end":{"line":114,"column":3}}],"line":102},"7":{"loc":{"start":{"line":107,"column":6},"end":{"line":107,"column":44}},"type":"cond-expr","locations":[{"start":{"line":107,"column":23},"end":{"line":107,"column":39}},{"start":{"line":107,"column":42},"end":{"line":107,"column":44}}],"line":107},"8":{"loc":{"start":{"line":109,"column":22},"end":{"line":109,"column":74}},"type":"cond-expr","locations":[{"start":{"line":109,"column":39},"end":{"line":109,"column":55}},{"start":{"line":109,"column":58},"end":{"line":109,"column":74}}],"line":109},"9":{"loc":{"start":{"line":124,"column":4},"end":{"line":127,"column":36}},"type":"cond-expr","locations":[{"start":{"line":126,"column":8},"end":{"line":126,"column":39}},{"start":{"line":127,"column":8},"end":{"line":127,"column":36}}],"line":124},"10":{"loc":{"start":{"line":124,"column":4},"end":{"line":125,"column":46}},"type":"binary-expr","locations":[{"start":{"line":124,"column":4},"end":{"line":124,"column":49}},{"start":{"line":125,"column":4},"end":{"line":125,"column":46}}],"line":124},"11":{"loc":{"start":{"line":139,"column":23},"end":{"line":139,"column":61}},"type":"cond-expr","locations":[{"start":{"line":139,"column":36},"end":{"line":139,"column":56}},{"start":{"line":139,"column":59},"end":{"line":139,"column":61}}],"line":139},"12":{"loc":{"start":{"line":158,"column":6},"end":{"line":161,"column":56}},"type":"binary-expr","locations":[{"start":{"line":158,"column":6},"end":{"line":158,"column":45}},{"start":{"line":159,"column":6},"end":{"line":161,"column":56}}],"line":158},"13":{"loc":{"start":{"line":184,"column":14},"end":{"line":184,"column":73}},"type":"binary-expr","locations":[{"start":{"line":184,"column":14},"end":{"line":184,"column":31}},{"start":{"line":184,"column":36},"end":{"line":184,"column":42}},{"start":{"line":184,"column":46},"end":{"line":184,"column":72}}],"line":184},"14":{"loc":{"start":{"line":201,"column":6},"end":{"line":202,"column":56}},"type":"binary-expr","locations":[{"start":{"line":201,"column":6},"end":{"line":201,"column":44}},{"start":{"line":202,"column":6},"end":{"line":202,"column":56}}],"line":201},"15":{"loc":{"start":{"line":245,"column":18},"end":{"line":245,"column":39}},"type":"binary-expr","locations":[{"start":{"line":245,"column":18},"end":{"line":245,"column":33}},{"start":{"line":245,"column":37},"end":{"line":245,"column":39}}],"line":245},"16":{"loc":{"start":{"line":246,"column":48},"end":{"line":246,"column":77}},"type":"binary-expr","locations":[{"start":{"line":246,"column":48},"end":{"line":246,"column":71}},{"start":{"line":246,"column":75},"end":{"line":246,"column":77}}],"line":246},"17":{"loc":{"start":{"line":249,"column":0},"end":{"line":251,"column":1}},"type":"if","locations":[{"start":{"line":249,"column":0},"end":{"line":251,"column":1}},{"start":{"line":249,"column":0},"end":{"line":251,"column":1}}],"line":249}},"s":{"0":1,"1":0,"2":0,"3":0,"4":0,"5":0,"6":0,"7":0,"8":0,"9":0,"10":0,"11":0,"12":0,"13":0,"14":0,"15":0,"16":0,"17":0,"18":0,"19":0,"20":0,"21":0,"22":0,"23":0,"24":0,"25":0,"26":0,"27":0,"28":0,"29":0,"30":0,"31":0,"32":0,"33":0,"34":0,"35":0,"36":0,"37":0,"38":0,"39":0,"40":0,"41":0,"42":0,"43":0,"44":0,"45":0,"46":0,"47":0,"48":0,"49":0,"50":0,"51":0,"52":0,"53":0,"54":0,"55":0,"56":0,"57":0,"58":0,"59":0,"60":0,"61":0,"62":0,"63":0,"64":0,"65":0,"66":3,"67":5,"68":9,"69":3,"70":3,"71":3,"72":3,"73":3,"74":3,"75":3,"76":3,"77":3,"78":3,"79":2,"80":2,"81":11,"82":11,"83":6,"84":3,"85":3,"86":3,"87":0,"88":0,"89":0,"90":0,"91":0,"92":0,"93":0,"94":0,"95":0,"96":0,"97":0,"98":0,"99":0,"100":0,"101":0,"102":0,"103":0,"104":1,"105":1,"106":1,"107":1},"f":{"0":0,"1":0,"2":0,"3":0,"4":0,"5":0,"6":0,"7":0,"8":0,"9":0,"10":0,"11":0,"12":0,"13":0,"14":3,"15":5,"16":9,"17":3,"18":2,"19":2,"20":11,"21":11,"22":6,"23":3,"24":0,"25":0,"26":0,"27":0,"28":0,"29":0},"b":{"0":[0,0],"1":[0,0],"2":[0,0],"3":[0,0],"4":[0,0],"5":[0,0],"6":[0,0],"7":[0,0],"8":[0,0],"9":[0,0],"10":[0,0],"11":[0,0],"12":[5,4],"13":[11,9,7],"14":[0,0],"15":[1,1],"16":[1,1],"17":[1,0]},"_coverageSchema":"1a1c01bbd47fc00a2c39e90264f33305004495a9","hash":"19f14dbc83da253be344806cfe07bcf293c17f3e"}
}
