TN:
SF:static/js/plugins.js
FN:4,addGitHubWidget
FN:22,(anonymous_1)
FN:38,convertFromHugo
FN:46,addVersionDropdown
FN:64,showBookPageFooters
FN:72,(anonymous_5)
FN:82,(anonymous_6)
FN:89,(anonymous_7)
FN:97,processBookPageTitle
FN:119,addSidebarCollapsibility
FN:123,(anonymous_10)
FN:135,processHugoTitleHeading
FN:145,processAsciinemaTags
FN:150,(anonymous_13)
FN:155,addCodeCopyButtons
FN:157,(anonymous_15)
FN:161,(anonymous_16)
FN:164,(anonymous_17)
FN:175,(anonymous_18)
FN:179,(anonymous_19)
FN:181,(anonymous_20)
FN:183,(anonymous_21)
FN:186,(anonymous_22)
FN:192,(anonymous_23)
FN:196,defaultLinkTargets
FN:200,(anonymous_25)
FN:205,(anonymous_26)
FN:209,localPlugins
FN:211,(anonymous_28)
FN:236,(anonymous_29)
FNF:30
FNH:10
FNDA:0,addGitHubWidget
FNDA:0,(anonymous_1)
FNDA:0,convertFromHugo
FNDA:0,addVersionDropdown
FNDA:0,showBookPageFooters
FNDA:0,(anonymous_5)
FNDA:0,(anonymous_6)
FNDA:0,(anonymous_7)
FNDA:0,processBookPageTitle
FNDA:0,addSidebarCollapsibility
FNDA:0,(anonymous_10)
FNDA:0,processHugoTitleHeading
FNDA:0,processAsciinemaTags
FNDA:0,(anonymous_13)
FNDA:3,addCodeCopyButtons
FNDA:5,(anonymous_15)
FNDA:9,(anonymous_16)
FNDA:3,(anonymous_17)
FNDA:2,(anonymous_18)
FNDA:2,(anonymous_19)
FNDA:11,(anonymous_20)
FNDA:11,(anonymous_21)
FNDA:6,(anonymous_22)
FNDA:3,(anonymous_23)
FNDA:0,defaultLinkTargets
FNDA:0,(anonymous_25)
FNDA:0,(anonymous_26)
FNDA:0,localPlugins
FNDA:0,(anonymous_28)
FNDA:0,(anonymous_29)
DA:2,1
DA:5,0
DA:6,0
DA:7,0
DA:8,0
DA:9,0
DA:10,0
DA:11,0
DA:13,0
DA:14,0
DA:15,0
DA:16,0
DA:17,0
DA:18,0
DA:19,0
DA:22,0
DA:23,0
DA:25,0
DA:26,0
DA:27,0
DA:28,0
DA:30,0
DA:31,0
DA:32,0
DA:33,0
DA:34,0
DA:39,0
DA:40,0
DA:42,0
DA:43,0
DA:47,0
DA:48,0
DA:49,0
DA:59,0
DA:60,0
DA:61,0
DA:65,0
DA:68,0
DA:71,0
DA:72,0
DA:76,0
DA:80,0
DA:81,0
DA:82,0
DA:86,0
DA:89,0
DA:90,0
DA:91,0
DA:98,0
DA:100,0
DA:102,0
DA:103,0
DA:106,0
DA:109,0
DA:111,0
DA:116,0
DA:120,0
DA:123,0
DA:124,0
DA:136,0
DA:137,0
DA:139,0
DA:141,0
DA:146,0
DA:148,0
DA:151,0
DA:156,3
DA:158,5
DA:161,9
DA:164,3
DA:165,3
DA:166,3
DA:167,3
DA:168,3
DA:170,3
DA:171,3
DA:172,3
DA:173,3
DA:175,3
DA:176,2
DA:179,2
DA:181,11
DA:184,11
DA:186,6
DA:190,3
DA:192,3
DA:197,0
DA:201,0
DA:204,0
DA:205,0
DA:211,0
DA:212,0
DA:216,0
DA:217,0
DA:221,0
DA:223,0
DA:226,0
DA:229,0
DA:231,0
DA:233,0
DA:236,0
DA:237,0
DA:240,0
DA:245,1
DA:246,1
DA:249,1
DA:250,1
LF:107
LH:25
BRDA:26,0,0,0
BRDA:26,0,1,0
BRDA:27,1,0,0
BRDA:27,1,1,0
BRDA:72,2,0,0
BRDA:72,2,1,0
BRDA:80,3,0,0
BRDA:80,3,1,0
BRDA:82,4,0,0
BRDA:82,4,1,0
BRDA:91,5,0,0
BRDA:91,5,1,0
BRDA:102,6,0,0
BRDA:102,6,1,0
BRDA:107,7,0,0
BRDA:107,7,1,0
BRDA:109,8,0,0
BRDA:109,8,1,0
BRDA:124,9,0,0
BRDA:124,9,1,0
BRDA:124,10,0,0
BRDA:124,10,1,0
BRDA:139,11,0,0
BRDA:139,11,1,0
BRDA:158,12,0,5
BRDA:158,12,1,4
BRDA:184,13,0,11
BRDA:184,13,1,9
BRDA:184,13,2,7
BRDA:201,14,0,0
BRDA:201,14,1,0
BRDA:245,15,0,1
BRDA:245,15,1,1
BRDA:246,16,0,1
BRDA:246,16,1,1
BRDA:249,17,0,1
BRDA:249,17,1,0
BRF:37
BRH:10
end_of_record
